Determining if the pthread_create exist failed with the following output:
Change Dir: /home/krishnasathwik09/Dynamic_obstacle_WS/build/CMakeFiles/CMakeTmp

Run Build Command:"/usr/bin/make" "cmTC_a4c97/fast"
/usr/bin/make -f CMakeFiles/cmTC_a4c97.dir/build.make CMakeFiles/cmTC_a4c97.dir/build
make[1]: Entering directory '/home/krishnasathwik09/Dynamic_obstacle_WS/build/CMakeFiles/CMakeTmp'
Building C object CMakeFiles/cmTC_a4c97.dir/CheckSymbolExists.c.o
/usr/bin/cc    -o CMakeFiles/cmTC_a4c97.dir/CheckSymbolExists.c.o   -c /home/krishnasathwik09/Dynamic_obstacle_WS/build/CMakeFiles/CMakeTmp/CheckSymbolExists.c
Linking C executable cmTC_a4c97
/usr/bin/cmake -E cmake_link_script CMakeFiles/cmTC_a4c97.dir/link.txt --verbose=1
/usr/bin/cc      -rdynamic CMakeFiles/cmTC_a4c97.dir/CheckSymbolExists.c.o  -o cmTC_a4c97 
CMakeFiles/cmTC_a4c97.dir/CheckSymbolExists.c.o: In function `main':
CheckSymbolExists.c:(.text+0x1b): undefined reference to `pthread_create'
collect2: error: ld returned 1 exit status
CMakeFiles/cmTC_a4c97.dir/build.make:97: recipe for target 'cmTC_a4c97' failed
make[1]: *** [cmTC_a4c97] Error 1
make[1]: Leaving directory '/home/krishnasathwik09/Dynamic_obstacle_WS/build/CMakeFiles/CMakeTmp'
Makefile:126: recipe for target 'cmTC_a4c97/fast' failed
make: *** [cmTC_a4c97/fast] Error 2

File /home/krishnasathwik09/Dynamic_obstacle_WS/build/CMakeFiles/CMakeTmp/CheckSymbolExists.c:
/* */
#include <pthread.h>

int main(int argc, char** argv)
{
  (void)argv;
#ifndef pthread_create
  return ((int*)(&pthread_create))[argc];
#else
  (void)argc;
  return 0;
#endif
}

Determining if the function pthread_create exists in the pthreads failed with the following output:
Change Dir: /home/krishnasathwik09/Dynamic_obstacle_WS/build/CMakeFiles/CMakeTmp

Run Build Command:"/usr/bin/make" "cmTC_87456/fast"
/usr/bin/make -f CMakeFiles/cmTC_87456.dir/build.make CMakeFiles/cmTC_87456.dir/build
make[1]: Entering directory '/home/krishnasathwik09/Dynamic_obstacle_WS/build/CMakeFiles/CMakeTmp'
Building C object CMakeFiles/cmTC_87456.dir/CheckFunctionExists.c.o
/usr/bin/cc   -DCHECK_FUNCTION_EXISTS=pthread_create   -o CMakeFiles/cmTC_87456.dir/CheckFunctionExists.c.o   -c /usr/share/cmake-3.10/Modules/CheckFunctionExists.c
Linking C executable cmTC_87456
/usr/bin/cmake -E cmake_link_script CMakeFiles/cmTC_87456.dir/link.txt --verbose=1
/usr/bin/cc  -DCHECK_FUNCTION_EXISTS=pthread_create    -rdynamic CMakeFiles/cmTC_87456.dir/CheckFunctionExists.c.o  -o cmTC_87456 -lpthreads 
/usr/bin/ld: cannot find -lpthreads
collect2: error: ld returned 1 exit status
CMakeFiles/cmTC_87456.dir/build.make:97: recipe for target 'cmTC_87456' failed
make[1]: *** [cmTC_87456] Error 1
make[1]: Leaving directory '/home/krishnasathwik09/Dynamic_obstacle_WS/build/CMakeFiles/CMakeTmp'
Makefile:126: recipe for target 'cmTC_87456/fast' failed
make: *** [cmTC_87456/fast] Error 2


